[0m14:14:18.774714 [debug] [MainThread]: Sending event: {'category': 'dbt', 'action': 'invocation', 'label': 'start', 'context': [<snowplow_tracker.self_describing_json.SelfDescribingJson object at 0x0000019E9D32DBE0>, <snowplow_tracker.self_describing_json.SelfDescribingJson object at 0x0000019E9FA98050>, <snowplow_tracker.self_describing_json.SelfDescribingJson object at 0x0000019E9FA9BB10>]}


============================== 14:14:18.777779 | f0a99529-661f-4668-8124-a33dfda81782 ==============================
[0m14:14:18.777779 [info ] [MainThread]: Running with dbt=1.12.0-rc1
[0m14:14:18.778161 [debug] [MainThread]: running dbt with arguments {'version_check': 'True', 'no_print': 'None', 'maximum_seed_size_mib': '1', 'warn_error_options': 'WarnErrorOptionsV2(error=[], warn=[], silence=[])', 'static_parser': 'True', 'target_path': 'None', 'printer_width': '80', 'write_json': 'True', 'empty': 'None', 'log_cache_events': 'False', 'introspect': 'True', 'cache_selected_only': 'False', 'log_format': 'default', 'debug': 'False', 'fail_fast': 'False', 'partial_parse': 'True', 'send_anonymous_usage_stats': 'True', 'quiet': 'False', 'warn_error': 'None', 'profiles_dir': 'C:\\Users\\nicho\\.dbt', 'indirect_selection': 'eager', 'invocation_command': 'dbt init wow_ah_dbt', 'use_colors': 'True', 'use_experimental_parser': 'False', 'log_path': 'logs'}
[0m14:14:18.792487 [info ] [MainThread]: Creating dbt configuration folder at C:\Users\nicho\.dbt
[0m14:14:18.794042 [debug] [MainThread]: Starter project path: C:\Users\nicho\Projects\wow-ah-pipeline\venv\Lib\site-packages\dbt\include\starter_project
[0m14:14:18.810033 [info ] [MainThread]: Setting up your profile.
[0m14:17:19.972015 [info ] [MainThread]: Profile wow_ah_dbt written to C:\Users\nicho\.dbt\profiles.yml using target's profile_template.yml and your supplied values.
[0m14:17:19.973912 [info ] [MainThread]: Running dbt debug to validate the project...
[0m14:17:19.974327 [info ] [MainThread]: dbt version: 1.12.0-rc1
[0m14:17:19.974531 [info ] [MainThread]: python version: 3.13.14
[0m14:17:19.974696 [info ] [MainThread]: python path: C:\Users\nicho\Projects\wow-ah-pipeline\venv\Scripts\python.exe
[0m14:17:19.974849 [info ] [MainThread]: os info: Windows-11-10.0.26200-SP0
[0m14:17:20.003370 [info ] [MainThread]: Using profiles dir at C:\Users\nicho\.dbt
[0m14:17:20.003792 [info ] [MainThread]: Using profiles.yml file at C:\Users\nicho\.dbt\profiles.yml
[0m14:17:20.004293 [info ] [MainThread]: Using dbt_project.yml file at C:\Users\nicho\Projects\wow-ah-pipeline\wow_ah_dbt\dbt_project.yml
[0m14:17:20.005050 [info ] [MainThread]: adapter type: postgres
[0m14:17:20.005335 [info ] [MainThread]: adapter version: 1.10.2
[0m14:17:20.073880 [info ] [MainThread]: Configuration:
[0m14:17:20.074186 [info ] [MainThread]:   profiles.yml file [[32mOK found and valid[0m]
[0m14:17:20.074396 [info ] [MainThread]:   dbt_project.yml file [[32mOK found and valid[0m]
[0m14:17:20.074549 [info ] [MainThread]: Required dependencies:
[0m14:17:20.074710 [debug] [MainThread]: Executing "git --help"
[0m14:17:20.276749 [debug] [MainThread]: STDOUT: "b"usage: git [-v | --version] [-h | --help] [-C <path>] [-c <name>=<value>]\n           [--exec-path[=<path>]] [--html-path] [--man-path] [--info-path]\n           [-p | --paginate | -P | --no-pager] [--no-replace-objects] [--no-lazy-fetch]\n           [--no-optional-locks] [--no-advice] [--bare] [--git-dir=<path>]\n           [--work-tree=<path>] [--namespace=<name>] [--config-env=<name>=<envvar>]\n           <command> [<args>]\n\nThese are common Git commands used in various situations:\n\nstart a working area (see also: git help tutorial)\n   clone      Clone a repository into a new directory\n   init       Create an empty Git repository or reinitialize an existing one\n\nwork on the current change (see also: git help everyday)\n   add        Add file contents to the index\n   mv         Move or rename a file, a directory, or a symlink\n   restore    Restore working tree files\n   rm         Remove files from the working tree and from the index\n\nexamine the history and state (see also: git help revisions)\n   bisect     Use binary search to find the commit that introduced a bug\n   diff       Show changes between commits, commit and working tree, etc\n   grep       Print lines matching a pattern\n   log        Show commit logs\n   show       Show various types of objects\n   status     Show the working tree status\n\ngrow, mark and tweak your common history\n   backfill   Download missing objects in a partial clone\n   branch     List, create, or delete branches\n   commit     Record changes to the repository\n   history    EXPERIMENTAL: Rewrite history\n   merge      Join two or more development histories together\n   rebase     Reapply commits on top of another base tip\n   reset      Set `HEAD` or the index to a known state\n   switch     Switch branches\n   tag        Create, list, delete or verify tags\n\ncollaborate (see also: git help workflows)\n   fetch      Download objects and refs from another repository\n   pull       Fetch from and integrate with another repository or a local branch\n   push       Update remote refs along with associated objects\n\n'git help -a' and 'git help -g' list available subcommands and some\nconcept guides. See 'git help <command>' or 'git help <concept>'\nto read about a specific subcommand or concept.\nSee 'git help git' for an overview of the system.\n""
[0m14:17:20.277106 [debug] [MainThread]: STDERR: "b''"
[0m14:17:20.277268 [info ] [MainThread]:  - git [[32mOK found[0m]

[0m14:17:20.277509 [info ] [MainThread]: Connection:
[0m14:17:20.277774 [info ] [MainThread]:   host: localhost
[0m14:17:20.277971 [info ] [MainThread]:   port: 5432
[0m14:17:20.278182 [info ] [MainThread]:   user: postgres
[0m14:17:20.278432 [info ] [MainThread]:   database: wow_ah_raw
[0m14:17:20.278609 [info ] [MainThread]:   schema: public
[0m14:17:20.278748 [info ] [MainThread]:   connect_timeout: 10
[0m14:17:20.278878 [info ] [MainThread]:   role: None
[0m14:17:20.279095 [info ] [MainThread]:   search_path: None
[0m14:17:20.279333 [info ] [MainThread]:   keepalives_idle: 0
[0m14:17:20.279499 [info ] [MainThread]:   sslmode: None
[0m14:17:20.279631 [info ] [MainThread]:   sslcert: None
[0m14:17:20.279753 [info ] [MainThread]:   sslkey: None
[0m14:17:20.279870 [info ] [MainThread]:   sslrootcert: None
[0m14:17:20.279988 [info ] [MainThread]:   application_name: dbt
[0m14:17:20.280107 [info ] [MainThread]:   retries: 1
[0m14:17:20.280398 [info ] [MainThread]: Registered adapter: postgres=1.10.2
[0m14:17:20.417456 [debug] [MainThread]: Acquiring new postgres connection 'debug'
[0m14:17:21.825767 [debug] [MainThread]: Using postgres connection "debug"
[0m14:17:21.826345 [debug] [MainThread]: On debug: select 1 as id
[0m14:17:21.826598 [debug] [MainThread]: Opening a new connection, currently in state init
[0m14:17:21.885230 [debug] [MainThread]: SQL status: SELECT 1 in 0.059 seconds
[0m14:17:21.886192 [debug] [MainThread]: On debug: Close
[0m14:17:21.886417 [info ] [MainThread]:   Connection test: [[32mOK connection ok[0m]

[0m14:17:21.886676 [info ] [MainThread]: [32mAll checks passed![0m
[0m14:17:21.886962 [info ] [MainThread]: Your new dbt project "wow_ah_dbt" was created!
Initialized new project in C:\Users\nicho\Projects\wow-ah-pipeline\wow_ah_dbt\wow_ah_dbt

For more information on how to configure the profiles.yml file,
please consult the dbt documentation here:

  https://docs.getdbt.com/docs/configure-your-profile

One more thing:

Need help? Don't hesitate to reach out to us via GitHub issues or on Slack:

  https://community.getdbt.com/

Happy modeling!

[0m14:17:21.887595 [debug] [MainThread]: Command `dbt init` succeeded at 14:17:21.887515 after 183.20 seconds
[0m14:17:21.887762 [debug] [MainThread]: Connection 'debug' was properly closed.
[0m14:17:21.887925 [debug] [MainThread]: Sending event: {'category': 'dbt', 'action': 'invocation', 'label': 'end', 'context': [<snowplow_tracker.self_describing_json.SelfDescribingJson object at 0x0000019EA00C5350>, <snowplow_tracker.self_describing_json.SelfDescribingJson object at 0x0000019E9F9516D0>, <snowplow_tracker.self_describing_json.SelfDescribingJson object at 0x0000019E9FCC3CE0>]}
[0m14:17:21.888194 [debug] [MainThread]: Flushing usage events
[0m14:17:22.528069 [debug] [MainThread]: An error was encountered while trying to flush usage events
